2024-05-27 21:14:30,134 - dwd_global_radiation.global_radiation - INFO - Forecast data is up to date. Setting forecast health state to green.
2024-05-27 21:15:26,366 - urllib3.connectionpool - DEBUG - Starting new HTTPS connection (1): opendata.dwd.de:443
2024-05-27 21:15:26,502 - urllib3.connectionpool - DEBUG - https://opendata.dwd.de:443 "GET /weather/satellite/radiation/sis/ HTTP/1.1" 200 None
2024-05-27 21:15:26,528 - charset_normalizer - DEBUG - Encoding detection: ascii is most likely the one.
2024-05-27 21:15:29,449 - tzlocal - DEBUG - /etc/timezone found, contents:
 Europe/Berlin

2024-05-27 21:15:29,453 - tzlocal - DEBUG - /etc/localtime found
2024-05-27 21:15:29,457 - tzlocal - DEBUG - 2 found:
 {'/etc/timezone': 'Europe/Berlin', '/etc/localtime is a symlink to': 'Europe/Berlin'}
2024-05-27 21:18:28,171 - dwd_global_radiation.global_radiation - INFO - Forecast data is up to date. Setting forecast health state to green.
2024-05-27 21:19:07,683 - urllib3.connectionpool - DEBUG - Starting new HTTPS connection (1): opendata.dwd.de:443
2024-05-27 21:19:08,176 - urllib3.connectionpool - DEBUG - https://opendata.dwd.de:443 "GET /weather/satellite/radiation/sis/ HTTP/1.1" 200 None
2024-05-27 21:19:08,205 - charset_normalizer - DEBUG - Encoding detection: ascii is most likely the one.
2024-05-27 21:19:09,376 - tzlocal - DEBUG - /etc/timezone found, contents:
 Europe/Berlin

2024-05-27 21:19:09,380 - tzlocal - DEBUG - /etc/localtime found
2024-05-27 21:19:09,384 - tzlocal - DEBUG - 2 found:
 {'/etc/timezone': 'Europe/Berlin', '/etc/localtime is a symlink to': 'Europe/Berlin'}
2024-05-27 21:22:07,973 - urllib3.connectionpool - DEBUG - Starting new HTTPS connection (1): opendata.dwd.de:443
2024-05-27 21:22:08,107 - urllib3.connectionpool - DEBUG - https://opendata.dwd.de:443 "GET /weather/satellite/radiation/sis/ HTTP/1.1" 200 None
2024-05-27 21:22:08,129 - charset_normalizer - DEBUG - Encoding detection: ascii is most likely the one.
2024-05-27 21:22:20,917 - dwd_global_radiation.global_radiation - INFO - Forecast data is up to date. Setting forecast health state to green.
2024-05-27 21:37:32,561 - dwd_global_radiation.global_radiation - INFO - Forecast data is up to date. Setting forecast health state to green.
2024-05-27 21:38:53,728 - urllib3.connectionpool - DEBUG - Starting new HTTPS connection (1): opendata.dwd.de:443
2024-05-27 21:38:54,003 - urllib3.connectionpool - DEBUG - https://opendata.dwd.de:443 "GET /weather/satellite/radiation/sis/ HTTP/1.1" 200 None
2024-05-27 21:38:54,029 - charset_normalizer - DEBUG - Encoding detection: ascii is most likely the one.
2024-05-27 21:38:55,173 - tzlocal - DEBUG - /etc/timezone found, contents:
 Europe/Berlin

2024-05-27 21:38:55,178 - tzlocal - DEBUG - /etc/localtime found
2024-05-27 21:38:55,187 - tzlocal - DEBUG - 2 found:
 {'/etc/timezone': 'Europe/Berlin', '/etc/localtime is a symlink to': 'Europe/Berlin'}
2024-05-27 21:40:08,891 - dwd_global_radiation.global_radiation - INFO - Forecast data is up to date. Setting forecast health state to green.
2024-05-27 21:47:22,083 - dwd_global_radiation.global_radiation - INFO - Forecast data is up to date. Setting forecast health state to green.
2024-05-27 21:47:32,247 - dwd_global_radiation.global_radiation - INFO - Using cached forecast data as it is less than 1 hour old.
2024-05-27 21:48:02,658 - urllib3.connectionpool - DEBUG - Starting new HTTPS connection (1): opendata.dwd.de:443
2024-05-27 21:48:02,783 - urllib3.connectionpool - DEBUG - https://opendata.dwd.de:443 "GET /weather/satellite/radiation/sis/ HTTP/1.1" 200 None
2024-05-27 21:48:02,809 - charset_normalizer - DEBUG - Encoding detection: ascii is most likely the one.
2024-05-27 21:48:03,721 - tzlocal - DEBUG - /etc/timezone found, contents:
 Europe/Berlin

2024-05-27 21:48:03,725 - tzlocal - DEBUG - /etc/localtime found
2024-05-27 21:48:03,731 - tzlocal - DEBUG - 2 found:
 {'/etc/timezone': 'Europe/Berlin', '/etc/localtime is a symlink to': 'Europe/Berlin'}
2024-05-27 21:48:44,511 - dwd_global_radiation.global_radiation - INFO - Forecast data is up to date. Setting forecast health state to green.
2024-05-27 21:48:50,432 - dwd_global_radiation.global_radiation - INFO - Using cached forecast data as it is less than 1 hour old.
2024-05-27 21:49:00,957 - urllib3.connectionpool - DEBUG - Starting new HTTPS connection (1): opendata.dwd.de:443
2024-05-27 21:49:01,082 - urllib3.connectionpool - DEBUG - https://opendata.dwd.de:443 "GET /weather/satellite/radiation/sis/ HTTP/1.1" 200 None
2024-05-27 21:49:01,107 - charset_normalizer - DEBUG - Encoding detection: ascii is most likely the one.
2024-05-27 21:49:13,421 - dwd_global_radiation.global_radiation - INFO - Using cached measurement data as it is less than 15 minutes old.
2024-05-27 21:49:13,422 - tzlocal - DEBUG - /etc/timezone found, contents:
 Europe/Berlin

2024-05-27 21:49:13,429 - tzlocal - DEBUG - /etc/localtime found
2024-05-27 21:49:13,435 - tzlocal - DEBUG - 2 found:
 {'/etc/timezone': 'Europe/Berlin', '/etc/localtime is a symlink to': 'Europe/Berlin'}
2024-05-27 21:50:18,356 - dwd_global_radiation.global_radiation - INFO - Forecast data is up to date. Setting forecast health state to green.
2024-05-27 21:50:20,412 - dwd_global_radiation.global_radiation - INFO - Using cached forecast data as it is less than 1 hour old.
2024-05-27 21:50:22,940 - urllib3.connectionpool - DEBUG - Starting new HTTPS connection (1): opendata.dwd.de:443
2024-05-27 21:50:23,068 - urllib3.connectionpool - DEBUG - https://opendata.dwd.de:443 "GET /weather/satellite/radiation/sis/ HTTP/1.1" 200 None
2024-05-27 21:50:23,094 - charset_normalizer - DEBUG - Encoding detection: ascii is most likely the one.
2024-05-27 21:51:12,985 - dwd_global_radiation.global_radiation - INFO - Using cached measurement data as it is less than 15 minutes old.
2024-05-27 21:51:29,173 - tzlocal - DEBUG - /etc/timezone found, contents:
 Europe/Berlin

2024-05-27 21:51:29,181 - tzlocal - DEBUG - /etc/localtime found
2024-05-27 21:51:29,187 - tzlocal - DEBUG - 2 found:
 {'/etc/timezone': 'Europe/Berlin', '/etc/localtime is a symlink to': 'Europe/Berlin'}
2024-05-27 22:14:52,783 - dwd_global_radiation.global_radiation - INFO - Forecast data is up to date. Setting forecast health state to green.
2024-05-27 22:14:58,385 - dwd_global_radiation.global_radiation - INFO - Forecast data is up to date. Setting forecast health state to green.
2024-05-27 22:15:25,163 - urllib3.connectionpool - DEBUG - Starting new HTTPS connection (1): opendata.dwd.de:443
2024-05-27 22:15:25,899 - urllib3.connectionpool - DEBUG - https://opendata.dwd.de:443 "GET /weather/satellite/radiation/sis/ HTTP/1.1" 200 None
2024-05-27 22:15:25,925 - charset_normalizer - DEBUG - Encoding detection: ascii is most likely the one.
2024-05-27 22:41:06,749 - dwd_global_radiation.global_radiation - INFO - Forecast data is up to date. Setting forecast health state to green.
2024-05-27 22:41:09,181 - dwd_global_radiation.global_radiation - INFO - Using cached forecast data as it is less than 1 hour old.
2024-05-27 22:41:10,628 - urllib3.connectionpool - DEBUG - Starting new HTTPS connection (1): opendata.dwd.de:443
2024-05-27 22:41:10,755 - urllib3.connectionpool - DEBUG - https://opendata.dwd.de:443 "GET /weather/satellite/radiation/sis/ HTTP/1.1" 200 None
2024-05-27 22:41:10,786 - charset_normalizer - DEBUG - Encoding detection: ascii is most likely the one.
2024-05-27 23:18:44,459 - dwd_global_radiation.global_radiation - INFO - Forecast data is up to date. Setting forecast health state to green.
2024-05-27 23:18:51,829 - dwd_global_radiation.global_radiation - INFO - Using cached forecast data as it is less than 1 hour old.
2024-05-27 23:18:54,532 - urllib3.connectionpool - DEBUG - Starting new HTTPS connection (1): opendata.dwd.de:443
2024-05-27 23:18:54,668 - urllib3.connectionpool - DEBUG - https://opendata.dwd.de:443 "GET /weather/satellite/radiation/sis/ HTTP/1.1" 200 None
2024-05-27 23:18:54,693 - charset_normalizer - DEBUG - Encoding detection: ascii is most likely the one.
2024-05-27 23:19:39,650 - dwd_global_radiation.global_radiation - INFO - Using cached measurement data as it is less than 15 minutes old.
2024-05-27 23:19:39,651 - tzlocal - DEBUG - /etc/timezone found, contents:
 Europe/Berlin

2024-05-27 23:19:39,655 - tzlocal - DEBUG - /etc/localtime found
2024-05-27 23:19:39,659 - tzlocal - DEBUG - 2 found:
 {'/etc/timezone': 'Europe/Berlin', '/etc/localtime is a symlink to': 'Europe/Berlin'}
2024-05-28 13:47:09,794 - dwd_global_radiation.global_radiation - INFO - Forecast data is up to date. Setting forecast health state to green.
2024-05-28 13:47:10,296 - dwd_global_radiation.global_radiation - INFO - Using cached forecast data as it is less than 1 hour old.
2024-05-28 13:47:14,186 - urllib3.connectionpool - DEBUG - Starting new HTTPS connection (1): opendata.dwd.de:443
2024-05-28 13:47:14,314 - urllib3.connectionpool - DEBUG - https://opendata.dwd.de:443 "GET /weather/satellite/radiation/sis/ HTTP/1.1" 200 None
2024-05-28 13:47:14,340 - charset_normalizer - DEBUG - Encoding detection: ascii is most likely the one.
2024-05-28 13:47:22,798 - dwd_global_radiation.global_radiation - INFO - Using cached measurement data as it is less than 15 minutes old or server data is not newer.
2024-05-28 13:47:22,800 - tzlocal - DEBUG - /etc/timezone found, contents:
 Europe/Berlin

2024-05-28 13:47:22,807 - tzlocal - DEBUG - /etc/localtime found
2024-05-28 13:47:22,813 - tzlocal - DEBUG - 2 found:
 {'/etc/timezone': 'Europe/Berlin', '/etc/localtime is a symlink to': 'Europe/Berlin'}
